Arguments: 
  /home/gloompi/.nvm/versions/node/v9.8.0/bin/node /home/gloompi/.nvm/versions/node/v9.8.0/bin/yarn

PATH: 
  /home/gloompi/.nvm/versions/node/v9.8.0/bin:/home/gloompi/.local/share/umake/bin:/home/gloompi/bin:/home/gloompi/.local/bin:/usr/local/sbin:/usr/local/bin:/usr/sbin:/usr/bin:/sbin:/bin:/usr/games:/usr/local/games:/snap/bin

Yarn version: 
  1.5.1

Node version: 
  9.8.0

Platform: 
  linux x64

npm manifest: 
  {
    "name": "bilim-export",
    "version": "1.0.0",
    "author": "GlooMpiQue",
    "license": "ISC",
    "scripts": {
      "postinstall": "bower install"
    },
    "devDependencies": {
      "babel-core": "^6.26.0",
      "babel-preset-env": "^1.6.1",
      "browser-sync": "2.11.2",
      "gulp": "gulpjs/gulp.git#4.0",
      "gulp-autoprefixer": "3.1.0",
      "gulp-babel": "^7.0.0",
      "gulp-cheerio": "^0.6.2",
      "gulp-concat": "2.6.0",
      "gulp-concat-css": "^2.2.0",
      "gulp-csso": "^2.0.0",
      "gulp-eslint": "2.0.0",
      "gulp-load-plugins": "1.2.0",
      "gulp-notify": "2.2.0",
      "gulp-pug": "^3.0.3",
      "gulp-replace": "^0.5.4",
      "gulp-sass": "2.2.0",
      "gulp-sourcemaps": "1.6.0",
      "gulp-svg-sprite": "^1.3.1",
      "gulp-svgmin": "^1.2.2",
      "rimraf": "2.5.2"
    },
    "dependencies": {
      "et-line": "^1.0.1",
      "normalize.css": "^4.1.1"
    },
    "description": "Getting started:",
    "main": "gulpfile.js",
    "keywords": [],
    "bugs": {
      "url": "https://github.com/panban/ls-builder/issues"
    },
    "homepage": "https://github.com/panban/ls-builder#readme"
  }

yarn manifest: 
  No manifest

Lockfile: 
  No lockfile

Trace: 
  Error: /media/gloompi/8C1E6BBA1E6B9C48/works/zov-kargo/node_modules/phantomjs-prebuilt: Command failed.
  Exit code: 1
  Command: sh
  Arguments: -c node install.js
  Directory: /media/gloompi/8C1E6BBA1E6B9C48/works/zov-kargo/node_modules/phantomjs-prebuilt
  Output:
  PhantomJS not found on PATH
  Downloading https://github.com/Medium/phantomjs/releases/download/v2.1.1/phantomjs-2.1.1-linux-x86_64.tar.bz2
  Saving to /tmp/phantomjs/phantomjs-2.1.1-linux-x86_64.tar.bz2
  Receiving...
  
  Error making request.
  Error: read ECONNRESET
      at TLSWrap.onread (net.js:599:25)
  
  Please report this full log at https://github.com/Medium/phantomjs
      at ProcessTermError.MessageError (/home/gloompi/.nvm/versions/node/v9.8.0/lib/node_modules/yarn/lib/cli.js:186:110)
      at new ProcessTermError (/home/gloompi/.nvm/versions/node/v9.8.0/lib/node_modules/yarn/lib/cli.js:226:113)
      at ChildProcess.<anonymous> (/home/gloompi/.nvm/versions/node/v9.8.0/lib/node_modules/yarn/lib/cli.js:30281:17)
      at ChildProcess.emit (events.js:180:13)
      at maybeClose (internal/child_process.js:936:16)
      at Socket.stream.socket.on (internal/child_process.js:353:11)
      at Socket.emit (events.js:180:13)
      at Pipe._handle.close [as _onclose] (net.js:538:12)
